Determining if the pthread_create exist failed with the following output:
Change Dir: /home/chester/earth/build/CMakeFiles/CMakeTmp

Run Build Command:"/usr/bin/make" "cmTC_e05c5/fast"
/usr/bin/make -f CMakeFiles/cmTC_e05c5.dir/build.make CMakeFiles/cmTC_e05c5.dir/build
make[1]: Entering directory '/home/chester/earth/build/CMakeFiles/CMakeTmp'
Building C object CMakeFiles/cmTC_e05c5.dir/CheckSymbolExists.c.o
/usr/bin/cc     -o CMakeFiles/cmTC_e05c5.dir/CheckSymbolExists.c.o   -c /home/chester/earth/build/CMakeFiles/CMakeTmp/CheckSymbolExists.c
Linking C executable cmTC_e05c5
/usr/bin/cmake -E cmake_link_script CMakeFiles/cmTC_e05c5.dir/link.txt --verbose=1
/usr/bin/cc       CMakeFiles/cmTC_e05c5.dir/CheckSymbolExists.c.o  -o cmTC_e05c5 -rdynamic 
CMakeFiles/cmTC_e05c5.dir/CheckSymbolExists.c.o：在函数‘main’中：
CheckSymbolExists.c:(.text+0x16)：对‘pthread_create’未定义的引用
collect2: error: ld returned 1 exit status
CMakeFiles/cmTC_e05c5.dir/build.make:97: recipe for target 'cmTC_e05c5' failed
make[1]: *** [cmTC_e05c5] Error 1
make[1]: Leaving directory '/home/chester/earth/build/CMakeFiles/CMakeTmp'
Makefile:126: recipe for target 'cmTC_e05c5/fast' failed
make: *** [cmTC_e05c5/fast] Error 2

File /home/chester/earth/build/CMakeFiles/CMakeTmp/CheckSymbolExists.c:
/* */
#include <pthread.h>

int main(int argc, char** argv)
{
  (void)argv;
#ifndef pthread_create
  return ((int*)(&pthread_create))[argc];
#else
  (void)argc;
  return 0;
#endif
}

Determining if the function pthread_create exists in the pthreads failed with the following output:
Change Dir: /home/chester/earth/build/CMakeFiles/CMakeTmp

Run Build Command:"/usr/bin/make" "cmTC_1494d/fast"
/usr/bin/make -f CMakeFiles/cmTC_1494d.dir/build.make CMakeFiles/cmTC_1494d.dir/build
make[1]: Entering directory '/home/chester/earth/build/CMakeFiles/CMakeTmp'
Building C object CMakeFiles/cmTC_1494d.dir/CheckFunctionExists.c.o
/usr/bin/cc    -DCHECK_FUNCTION_EXISTS=pthread_create   -o CMakeFiles/cmTC_1494d.dir/CheckFunctionExists.c.o   -c /usr/share/cmake-3.5/Modules/CheckFunctionExists.c
Linking C executable cmTC_1494d
/usr/bin/cmake -E cmake_link_script CMakeFiles/cmTC_1494d.dir/link.txt --verbose=1
/usr/bin/cc   -DCHECK_FUNCTION_EXISTS=pthread_create    CMakeFiles/cmTC_1494d.dir/CheckFunctionExists.c.o  -o cmTC_1494d -rdynamic -lpthreads 
/usr/bin/ld: 找不到 -lpthreads
collect2: error: ld returned 1 exit status
CMakeFiles/cmTC_1494d.dir/build.make:97: recipe for target 'cmTC_1494d' failed
make[1]: *** [cmTC_1494d] Error 1
make[1]: Leaving directory '/home/chester/earth/build/CMakeFiles/CMakeTmp'
Makefile:126: recipe for target 'cmTC_1494d/fast' failed
make: *** [cmTC_1494d/fast] Error 2


